TN:
SF:src/hooks/useAdminAnalytics.ts
FN:71,(anonymous_0)
FN:72,(anonymous_1)
FN:73,(anonymous_2)
FN:100,(anonymous_3)
FN:112,(anonymous_4)
FN:113,(anonymous_5)
FN:131,(anonymous_6)
FN:149,(anonymous_7)
FN:166,(anonymous_8)
FN:169,(anonymous_9)
FN:185,(anonymous_10)
FN:189,(anonymous_11)
FN:193,(anonymous_12)
FNF:13
FNH:12
FNDA:1,(anonymous_0)
FNDA:10,(anonymous_1)
FNDA:0,(anonymous_2)
FNDA:51,(anonymous_3)
FNDA:12,(anonymous_4)
FNDA:12,(anonymous_5)
FNDA:24,(anonymous_6)
FNDA:12,(anonymous_7)
FNDA:22,(anonymous_8)
FNDA:10,(anonymous_9)
FNDA:1,(anonymous_10)
FNDA:1,(anonymous_11)
FNDA:1,(anonymous_12)
DA:70,1
DA:71,1
DA:72,10
DA:73,0
DA:100,1
DA:101,51
DA:102,51
DA:103,51
DA:104,51
DA:105,51
DA:106,51
DA:107,51
DA:108,51
DA:109,51
DA:112,51
DA:113,12
DA:114,12
DA:115,12
DA:116,12
DA:117,11
DA:118,11
DA:119,9
DA:122,1
DA:124,12
DA:127,12
DA:131,51
DA:132,24
DA:137,12
DA:138,1
DA:139,1
DA:140,1
DA:141,1
DA:142,1
DA:144,11
DA:145,11
DA:146,11
DA:149,12
DA:150,12
DA:151,12
DA:152,12
DA:153,11
DA:155,1
DA:156,1
DA:158,12
DA:162,12
DA:166,51
DA:167,22
DA:169,10
DA:170,10
DA:171,10
DA:172,10
DA:173,10
DA:175,0
DA:176,0
DA:178,10
DA:182,10
DA:185,51
DA:186,1
DA:189,51
DA:190,1
DA:193,51
DA:194,1
DA:195,1
DA:198,51
LF:64
LH:61
BRDA:118,0,0,9
BRDA:118,0,1,2
BRDA:132,1,0,12
BRDA:132,1,1,12
BRDA:137,2,0,1
BRDA:137,2,1,11
BRDA:138,3,0,0
BRDA:138,3,1,1
BRDA:138,4,0,1
BRDA:138,4,1,1
BRDA:167,5,0,12
BRDA:167,5,1,10
BRF:12
BRH:11
end_of_record
TN:
SF:src/hooks/useAdminPolls.ts
FN:58,(anonymous_0)
FN:63,(anonymous_1)
FN:64,(anonymous_2)
FN:84,(anonymous_3)
FN:86,(anonymous_4)
FN:87,(anonymous_5)
FN:91,(anonymous_6)
FN:93,(anonymous_7)
FN:93,(anonymous_8)
FNF:9
FNH:9
FNDA:17,(anonymous_0)
FNDA:6,(anonymous_1)
FNDA:6,(anonymous_2)
FNDA:3,(anonymous_3)
FNDA:3,(anonymous_4)
FNDA:9,(anonymous_5)
FNDA:2,(anonymous_6)
FNDA:2,(anonymous_7)
FNDA:6,(anonymous_8)
DA:58,1
DA:59,17
DA:60,17
DA:61,17
DA:63,17
DA:64,6
DA:65,6
DA:66,6
DA:67,6
DA:68,5
DA:69,5
DA:72,1
DA:75,1
DA:77,6
DA:81,6
DA:84,17
DA:85,3
DA:86,3
DA:87,9
DA:91,17
DA:92,2
DA:93,6
DA:96,17
LF:23
LH:23
BRDA:72,0,0,1
BRDA:72,0,1,0
BRDA:87,1,0,3
BRDA:87,1,1,6
BRF:4
BRH:3
end_of_record
TN:
SF:src/hooks/useAuth.ts
FN:44,useAuth
FN:54,(anonymous_1)
FN:62,(anonymous_2)
FN:86,(anonymous_3)
FN:93,(anonymous_4)
FN:103,(anonymous_5)
FN:108,(anonymous_6)
FN:124,(anonymous_7)
FN:134,(anonymous_8)
FN:139,(anonymous_9)
FN:168,(anonymous_10)
FN:178,(anonymous_11)
FN:184,(anonymous_12)
FN:209,(anonymous_13)
FN:219,(anonymous_14)
FN:223,(anonymous_15)
FN:244,(anonymous_16)
FN:254,(anonymous_17)
FN:266,(anonymous_18)
FN:267,(anonymous_19)
FN:270,(anonymous_20)
FNF:21
FNH:13
FNDA:24,useAuth
FNDA:9,(anonymous_1)
FNDA:6,(anonymous_2)
FNDA:9,(anonymous_3)
FNDA:4,(anonymous_4)
FNDA:3,(anonymous_5)
FNDA:3,(anonymous_6)
FNDA:1,(anonymous_7)
FNDA:0,(anonymous_8)
FNDA:0,(anonymous_9)
FNDA:0,(anonymous_10)
FNDA:1,(anonymous_11)
FNDA:1,(anonymous_12)
FNDA:0,(anonymous_13)
FNDA:1,(anonymous_14)
FNDA:1,(anonymous_15)
FNDA:0,(anonymous_16)
FNDA:1,(anonymous_17)
FNDA:0,(anonymous_18)
FNDA:0,(anonymous_19)
FNDA:0,(anonymous_20)
DA:45,24
DA:51,24
DA:52,24
DA:54,24
DA:55,9
DA:57,9
DA:59,9
DA:60,9
DA:61,9
DA:62,6
DA:63,6
DA:66,3
DA:68,2
DA:74,1
DA:75,1
DA:76,1
DA:82,9
DA:86,24
DA:87,9
DA:88,9
DA:89,9
DA:93,24
DA:103,24
DA:108,3
DA:110,3
DA:111,3
DA:113,2
DA:119,2
DA:122,1
DA:124,1
DA:130,1
DA:134,24
DA:139,0
DA:141,0
DA:142,0
DA:144,0
DA:153,0
DA:156,0
DA:159,0
DA:168,0
DA:174,0
DA:178,24
DA:184,1
DA:186,1
DA:187,1
DA:194,1
DA:204,1
DA:207,0
DA:209,0
DA:215,0
DA:219,24
DA:223,1
DA:225,1
DA:227,1
DA:231,0
DA:237,0
DA:240,0
DA:244,0
DA:250,0
DA:254,24
DA:255,1
DA:256,1
DA:258,1
DA:259,1
DA:266,24
DA:267,0
DA:270,24
DA:271,0
DA:274,24
LF:69
LH:50
BRDA:55,0,0,0
BRDA:55,0,1,9
BRDA:61,1,0,6
BRDA:61,1,1,3
BRDA:87,2,0,9
BRDA:87,2,1,0
BRDA:100,3,0,4
BRDA:100,3,1,0
BRDA:106,4,0,3
BRDA:122,5,0,1
BRDA:122,5,1,0
BRDA:153,6,0,0
BRDA:153,6,1,0
BRDA:156,7,0,0
BRDA:156,7,1,0
BRDA:207,8,0,0
BRDA:207,8,1,0
BRDA:227,9,0,1
BRDA:227,9,1,0
BRDA:240,10,0,0
BRDA:240,10,1,0
BRF:21
BRH:8
end_of_record
TN:
SF:src/hooks/useFAQs.ts
FN:31,(anonymous_0)
FN:36,(anonymous_1)
FN:37,(anonymous_2)
FNF:3
FNH:3
FNDA:9,(anonymous_0)
FNDA:5,(anonymous_1)
FNDA:5,(anonymous_2)
DA:31,1
DA:32,9
DA:33,9
DA:34,9
DA:36,9
DA:37,5
DA:38,5
DA:39,5
DA:40,5
DA:42,2
DA:43,1
DA:44,1
DA:46,1
DA:47,1
DA:50,2
DA:51,2
DA:54,2
DA:55,2
DA:57,4
DA:61,5
DA:64,9
LF:21
LH:21
BRDA:42,0,0,1
BRDA:42,0,1,1
BRDA:42,1,0,2
BRDA:42,1,1,2
BRDA:51,2,0,1
BRDA:51,2,1,1
BRF:6
BRH:6
end_of_record
TN:
SF:src/hooks/useProductMetadata.ts
FN:49,useProductMetadata
FN:55,(anonymous_1)
FN:58,(anonymous_2)
FN:83,(anonymous_3)
FNF:4
FNH:3
FNDA:14,useProductMetadata
FNDA:7,(anonymous_1)
FNDA:7,(anonymous_2)
FNDA:0,(anonymous_3)
DA:50,14
DA:51,14
DA:52,14
DA:53,14
DA:55,14
DA:56,7
DA:58,7
DA:59,7
DA:60,7
DA:66,5
DA:67,5
DA:68,5
DA:69,5
DA:72,2
DA:73,2
DA:76,7
DA:77,7
DA:82,7
DA:83,7
DA:86,14
LF:20
LH:20
BRDA:66,0,0,5
BRDA:66,0,1,0
BRDA:72,1,0,2
BRDA:72,1,1,0
BRDA:76,2,0,7
BRDA:76,2,1,0
BRF:6
BRH:3
end_of_record
TN:
SF:src/hooks/useSingleProduct.ts
FN:38,(anonymous_0)
FN:45,(anonymous_1)
FN:64,(anonymous_2)
FN:98,(anonymous_3)
FNF:4
FNH:4
FNDA:11,(anonymous_0)
FNDA:6,(anonymous_1)
FNDA:15,(anonymous_2)
FNDA:5,(anonymous_3)
DA:38,1
DA:39,11
DA:40,11
DA:41,11
DA:42,11
DA:43,11
DA:45,11
DA:46,6
DA:47,1
DA:48,1
DA:49,1
DA:52,5
DA:53,5
DA:54,5
DA:57,5
DA:58,5
DA:61,5
DA:65,15
DA:67,6
DA:70,6
DA:71,6
DA:72,6
DA:73,5
DA:74,4
DA:76,0
DA:77,0
DA:80,1
DA:82,1
DA:85,0
DA:86,0
DA:89,0
DA:90,0
DA:91,0
DA:92,0
DA:94,5
DA:98,11
DA:99,5
DA:102,11
LF:38
LH:30
BRDA:46,0,0,1
BRDA:46,0,1,5
BRDA:61,1,0,5
BRDA:61,1,1,0
BRDA:63,2,0,5
BRDA:63,2,1,0
BRDA:65,3,0,15
BRDA:65,3,1,15
BRDA:72,4,0,5
BRDA:72,4,1,0
BRDA:86,5,0,0
BRDA:86,5,1,0
BRF:12
BRH:7
end_of_record
TN:
SF:src/hooks/useVerificationCode.ts
FN:11,useVerificationCode
FN:28,(anonymous_1)
FN:32,(anonymous_2)
FN:32,(anonymous_3)
FN:33,(anonymous_4)
FN:40,(anonymous_5)
FN:48,(anonymous_6)
FN:52,(anonymous_7)
FN:55,(anonymous_8)
FN:59,(anonymous_9)
FN:78,(anonymous_10)
FN:90,(anonymous_11)
FN:104,(anonymous_12)
FN:106,(anonymous_13)
FN:109,(anonymous_14)
FNF:15
FNH:10
FNDA:36,useVerificationCode
FNDA:19,(anonymous_1)
FNDA:3,(anonymous_2)
FNDA:3,(anonymous_3)
FNDA:3,(anonymous_4)
FNDA:15,(anonymous_5)
FNDA:1,(anonymous_6)
FNDA:0,(anonymous_7)
FNDA:0,(anonymous_8)
FNDA:0,(anonymous_9)
FNDA:0,(anonymous_10)
FNDA:5,(anonymous_11)
FNDA:3,(anonymous_12)
FNDA:2,(anonymous_13)
FNDA:0,(anonymous_14)
DA:3,1
DA:16,36
DA:17,36
DA:19,36
DA:20,36
DA:22,36
DA:23,36
DA:25,36
DA:27,36
DA:29,19
DA:31,10
DA:32,8
DA:33,8
DA:36,2
DA:39,36
DA:41,15
DA:43,6
DA:44,6
DA:45,6
DA:46,6
DA:48,6
DA:52,36
DA:53,0
DA:55,36
DA:56,0
DA:59,36
DA:60,0
DA:62,0
DA:64,0
DA:65,0
DA:66,0
DA:67,0
DA:70,0
DA:71,0
DA:72,0
DA:73,0
DA:75,0
DA:78,36
DA:79,0
DA:81,0
DA:82,0
DA:83,0
DA:86,0
DA:87,0
DA:90,36
DA:91,5
DA:92,5
DA:94,5
DA:95,1
DA:96,1
DA:99,4
DA:100,4
DA:104,36
DA:106,36
DA:107,2
DA:108,2
DA:109,2
DA:112,36
LF:58
LH:39
BRDA:12,0,0,36
BRDA:13,1,0,36
BRDA:29,2,0,9
BRDA:29,2,1,10
BRDA:31,3,0,8
BRDA:31,3,1,2
BRDA:31,4,0,10
BRDA:31,4,1,8
BRDA:36,5,0,2
BRDA:36,5,1,0
BRDA:41,6,0,9
BRDA:41,6,1,6
BRDA:62,7,0,0
BRDA:62,7,1,0
BRDA:62,8,0,0
BRDA:62,8,1,0
BRDA:64,9,0,0
BRDA:64,9,1,0
BRDA:75,10,0,0
BRDA:75,10,1,0
BRDA:75,11,0,0
BRDA:75,11,1,0
BRDA:81,12,0,0
BRDA:81,12,1,0
BRDA:81,13,0,0
BRDA:81,13,1,0
BRDA:86,14,0,0
BRDA:86,14,1,0
BRDA:87,15,0,0
BRDA:87,15,1,0
BRDA:94,16,0,1
BRDA:94,16,1,4
BRF:32
BRH:13
end_of_record
TN:
SF:src/services/api/admin.ts
FN:44,createAdminMethods
FN:55,(anonymous_1)
FN:113,(anonymous_2)
FN:190,(anonymous_3)
FN:207,(anonymous_4)
FN:228,(anonymous_5)
FN:252,(anonymous_6)
FN:277,(anonymous_7)
FN:303,(anonymous_8)
FN:328,(anonymous_9)
FN:347,(anonymous_10)
FN:366,(anonymous_11)
FN:393,(anonymous_12)
FN:413,(anonymous_13)
FN:436,(anonymous_14)
FN:473,(anonymous_15)
FN:502,(anonymous_16)
FN:521,(anonymous_17)
FN:540,(anonymous_18)
FN:558,(anonymous_19)
FN:578,(anonymous_20)
FNF:21
FNH:21
FNDA:63,createAdminMethods
FNDA:6,(anonymous_1)
FNDA:5,(anonymous_2)
FNDA:2,(anonymous_3)
FNDA:4,(anonymous_4)
FNDA:2,(anonymous_5)
FNDA:3,(anonymous_6)
FNDA:3,(anonymous_7)
FNDA:3,(anonymous_8)
FNDA:3,(anonymous_9)
FNDA:2,(anonymous_10)
FNDA:3,(anonymous_11)
FNDA:2,(anonymous_12)
FNDA:2,(anonymous_13)
FNDA:5,(anonymous_14)
FNDA:3,(anonymous_15)
FNDA:2,(anonymous_16)
FNDA:3,(anonymous_17)
FNDA:3,(anonymous_18)
FNDA:2,(anonymous_19)
FNDA:4,(anonymous_20)
DA:45,63
DA:59,6
DA:61,6
DA:62,6
DA:63,6
DA:64,6
DA:66,6
DA:67,5
DA:69,6
DA:70,10
DA:72,6
DA:73,5
DA:75,6
DA:76,1
DA:78,6
DA:79,1
DA:81,6
DA:82,1
DA:85,6
DA:91,6
DA:93,6
DA:94,2
DA:96,4
DA:97,1
DA:100,3
DA:124,5
DA:126,5
DA:127,5
DA:128,5
DA:129,5
DA:131,5
DA:132,2
DA:133,1
DA:135,2
DA:136,1
DA:139,5
DA:140,1
DA:141,0
DA:143,1
DA:144,1
DA:147,5
DA:148,1
DA:150,5
DA:151,1
DA:153,5
DA:154,1
DA:156,5
DA:157,1
DA:159,5
DA:160,1
DA:163,5
DA:169,5
DA:171,5
DA:172,2
DA:173,1
DA:175,1
DA:191,2
DA:195,2
DA:196,1
DA:199,1
DA:208,4
DA:212,4
DA:213,3
DA:214,1
DA:216,2
DA:229,2
DA:240,2
DA:241,1
DA:244,1
DA:253,3
DA:254,3
DA:258,2
DA:259,1
DA:262,1
DA:264,2
DA:265,1
DA:267,1
DA:278,3
DA:279,3
DA:283,2
DA:284,1
DA:287,1
DA:289,2
DA:290,1
DA:292,1
DA:307,3
DA:312,3
DA:313,1
DA:316,2
DA:317,1
DA:320,1
DA:329,3
DA:333,3
DA:334,2
DA:335,1
DA:337,1
DA:348,2
DA:352,2
DA:353,1
DA:356,1
DA:367,3
DA:368,3
DA:369,3
DA:372,3
DA:378,3
DA:380,3
DA:381,1
DA:384,2
DA:394,2
DA:398,2
DA:399,1
DA:414,2
DA:419,2
DA:420,1
DA:441,5
DA:442,5
DA:443,5
DA:444,5
DA:445,5
DA:447,5
DA:448,5
DA:454,4
DA:455,3
DA:458,1
DA:460,2
DA:461,1
DA:463,1
DA:474,3
DA:475,3
DA:481,2
DA:482,1
DA:485,1
DA:487,2
DA:488,1
DA:490,1
DA:503,2
DA:508,2
DA:509,1
DA:512,1
DA:522,3
DA:527,3
DA:528,2
DA:529,1
DA:531,1
DA:541,3
DA:545,3
DA:546,2
DA:547,1
DA:549,1
DA:559,2
DA:561,2
DA:562,1
DA:565,1
DA:582,4
DA:583,4
DA:584,4
DA:585,1
DA:587,4
DA:588,1
DA:591,4
DA:597,4
DA:599,4
DA:600,1
LF:163
LH:162
BRDA:66,0,0,5
BRDA:66,0,1,1
BRDA:69,1,0,6
BRDA:69,1,1,1
BRDA:72,2,0,6
BRDA:72,2,1,1
BRDA:75,3,0,1
BRDA:75,3,1,5
BRDA:78,4,0,6
BRDA:78,4,1,5
BRDA:81,5,0,6
BRDA:81,5,1,5
BRDA:93,6,0,2
BRDA:93,6,1,4
BRDA:93,7,0,6
BRDA:93,7,1,5
BRDA:94,8,0,2
BRDA:94,8,1,0
BRDA:96,9,0,1
BRDA:96,9,1,3
BRDA:126,10,0,1
BRDA:126,10,1,4
BRDA:127,11,0,0
BRDA:127,11,1,5
BRDA:128,12,0,0
BRDA:128,12,1,5
BRDA:129,13,0,0
BRDA:129,13,1,5
BRDA:131,14,0,2
BRDA:131,14,1,3
BRDA:135,15,0,1
BRDA:135,15,1,1
BRDA:139,16,0,1
BRDA:139,16,1,4
BRDA:143,17,0,1
BRDA:143,17,1,0
BRDA:147,18,0,5
BRDA:147,18,1,4
BRDA:150,19,0,5
BRDA:150,19,1,4
BRDA:153,20,0,5
BRDA:153,20,1,4
BRDA:156,21,0,5
BRDA:156,21,1,4
BRDA:159,22,0,1
BRDA:159,22,1,4
BRDA:171,23,0,2
BRDA:171,23,1,3
BRDA:171,24,0,5
BRDA:171,24,1,3
BRDA:172,25,0,1
BRDA:172,25,1,1
BRDA:175,26,0,1
BRDA:175,26,1,0
BRDA:195,27,0,1
BRDA:195,27,1,1
BRDA:196,28,0,1
BRDA:196,28,1,0
BRDA:212,29,0,3
BRDA:212,29,1,1
BRDA:213,30,0,1
BRDA:213,30,1,2
BRDA:216,31,0,2
BRDA:216,31,1,1
BRDA:236,32,0,2
BRDA:236,32,1,2
BRDA:240,33,0,1
BRDA:240,33,1,1
BRDA:240,34,0,2
BRDA:240,34,1,1
BRDA:241,35,0,1
BRDA:241,35,1,0
BRDA:258,36,0,1
BRDA:258,36,1,1
BRDA:258,37,0,2
BRDA:258,37,1,1
BRDA:262,38,0,1
BRDA:262,38,1,0
BRDA:264,39,0,1
BRDA:264,39,1,1
BRDA:264,40,0,2
BRDA:264,40,1,1
BRDA:283,41,0,1
BRDA:283,41,1,1
BRDA:283,42,0,2
BRDA:283,42,1,1
BRDA:287,43,0,1
BRDA:287,43,1,0
BRDA:289,44,0,1
BRDA:289,44,1,1
BRDA:289,45,0,2
BRDA:289,45,1,1
BRDA:312,46,0,1
BRDA:312,46,1,2
BRDA:312,47,0,3
BRDA:312,47,1,1
BRDA:316,48,0,1
BRDA:316,48,1,1
BRDA:320,49,0,1
BRDA:320,49,1,0
BRDA:333,50,0,2
BRDA:333,50,1,1
BRDA:334,51,0,1
BRDA:334,51,1,1
BRDA:337,52,0,1
BRDA:337,52,1,0
BRDA:352,53,0,1
BRDA:352,53,1,1
BRDA:353,54,0,1
BRDA:353,54,1,0
BRDA:380,55,0,1
BRDA:380,55,1,2
BRDA:380,56,0,3
BRDA:380,56,1,2
BRDA:381,57,0,1
BRDA:381,57,1,0
BRDA:384,58,0,2
BRDA:384,58,1,1
BRDA:398,59,0,1
BRDA:398,59,1,1
BRDA:399,60,0,1
BRDA:399,60,1,0
BRDA:419,61,0,1
BRDA:419,61,1,1
BRDA:420,62,0,1
BRDA:420,62,1,0
BRDA:442,63,0,2
BRDA:442,63,1,3
BRDA:443,64,0,1
BRDA:443,64,1,4
BRDA:445,65,0,2
BRDA:445,65,1,3
BRDA:454,66,0,3
BRDA:454,66,1,1
BRDA:454,67,0,4
BRDA:454,67,1,3
BRDA:458,68,0,1
BRDA:458,68,1,0
BRDA:460,69,0,1
BRDA:460,69,1,1
BRDA:460,70,0,2
BRDA:460,70,1,1
BRDA:481,71,0,1
BRDA:481,71,1,1
BRDA:481,72,0,2
BRDA:481,72,1,1
BRDA:485,73,0,1
BRDA:485,73,1,0
BRDA:487,74,0,1
BRDA:487,74,1,1
BRDA:487,75,0,2
BRDA:487,75,1,1
BRDA:508,76,0,1
BRDA:508,76,1,1
BRDA:508,77,0,2
BRDA:508,77,1,1
BRDA:509,78,0,1
BRDA:509,78,1,0
BRDA:527,79,0,2
BRDA:527,79,1,1
BRDA:528,80,0,1
BRDA:528,80,1,1
BRDA:531,81,0,1
BRDA:531,81,1,0
BRDA:545,82,0,2
BRDA:545,82,1,1
BRDA:546,83,0,1
BRDA:546,83,1,1
BRDA:549,84,0,1
BRDA:549,84,1,0
BRDA:561,85,0,1
BRDA:561,85,1,1
BRDA:561,86,0,2
BRDA:561,86,1,1
BRDA:565,87,0,1
BRDA:565,87,1,0
BRDA:584,88,0,1
BRDA:584,88,1,3
BRDA:587,89,0,4
BRDA:587,89,1,3
BRDA:599,90,0,1
BRDA:599,90,1,3
BRDA:599,91,0,4
BRDA:599,91,1,3
BRDA:600,92,0,1
BRDA:600,92,1,0
BRF:186
BRH:163
end_of_record
TN:
SF:src/services/api/auth.ts
FN:25,createAuthMethods
FN:27,(anonymous_1)
FN:31,(anonymous_2)
FN:42,(anonymous_3)
FN:46,(anonymous_4)
FN:54,(anonymous_5)
FN:58,(anonymous_6)
FN:62,(anonymous_7)
FN:77,(anonymous_8)
FN:93,(anonymous_9)
FN:110,(anonymous_10)
FNF:11
FNH:11
FNDA:12,createAuthMethods
FNDA:1,(anonymous_1)
FNDA:1,(anonymous_2)
FNDA:1,(anonymous_3)
FNDA:2,(anonymous_4)
FNDA:1,(anonymous_5)
FNDA:1,(anonymous_6)
FNDA:1,(anonymous_7)
FNDA:1,(anonymous_8)
FNDA:1,(anonymous_9)
FNDA:1,(anonymous_10)
DA:26,12
DA:28,1
DA:37,1
DA:43,1
DA:51,2
DA:55,1
DA:59,1
DA:63,1
DA:78,1
DA:94,1
DA:111,1
LF:11
LH:11
BRDA:49,0,0,2
BRF:1
BRH:1
end_of_record
TN:
SF:src/services/api/client.ts
FN:16,_define_property
FN:36,(anonymous_1)
FN:40,(anonymous_2)
FN:49,(anonymous_3)
FN:78,(anonymous_4)
FN:82,(anonymous_5)
FN:96,(anonymous_6)
FN:100,(anonymous_7)
FN:104,(anonymous_8)
FN:116,(anonymous_9)
FN:135,(anonymous_10)
FN:147,(anonymous_11)
FN:151,(anonymous_12)
FN:157,(anonymous_13)
FN:161,(anonymous_14)
FN:168,(anonymous_15)
FN:174,(anonymous_16)
FN:180,(anonymous_17)
FN:31,(anonymous_18)
FNF:19
FNH:19
FNDA:28,_define_property
FNDA:6,(anonymous_1)
FNDA:3,(anonymous_2)
FNDA:13,(anonymous_3)
FNDA:5,(anonymous_4)
FNDA:5,(anonymous_5)
FNDA:1,(anonymous_6)
FNDA:1,(anonymous_7)
FNDA:1,(anonymous_8)
FNDA:4,(anonymous_9)
FNDA:9,(anonymous_10)
FNDA:7,(anonymous_11)
FNDA:9,(anonymous_12)
FNDA:6,(anonymous_13)
FNDA:8,(anonymous_14)
FNDA:1,(anonymous_15)
FNDA:1,(anonymous_16)
FNDA:1,(anonymous_17)
FNDA:28,(anonymous_18)
DA:29,28
DA:32,28
DA:37,6
DA:41,3
DA:42,3
DA:43,2
DA:45,1
DA:55,13
DA:56,13
DA:62,13
DA:68,13
DA:69,13
DA:71,13
DA:72,2
DA:75,11
DA:79,5
DA:83,5
DA:97,1
DA:101,1
DA:105,1
DA:117,4
DA:119,4
DA:120,3
DA:121,3
DA:122,2
DA:126,4
DA:136,9
DA:151,9
DA:153,7
DA:156,7
DA:157,6
DA:161,8
DA:164,7
DA:169,1
DA:170,1
DA:175,1
DA:176,1
DA:181,1
LF:38
LH:38
BRDA:42,0,0,2
BRDA:42,0,1,1
BRDA:51,1,0,13
BRDA:58,2,0,13
BRDA:58,2,1,2
BRDA:65,3,0,13
BRDA:65,3,1,7
BRDA:71,4,0,2
BRDA:71,4,1,11
BRDA:72,5,0,2
BRDA:72,5,1,1
BRDA:119,6,0,3
BRDA:119,6,1,1
BRDA:119,7,0,4
BRDA:119,7,1,4
BRDA:119,7,2,4
BRDA:121,8,0,2
BRDA:121,8,1,1
BRDA:151,9,0,9
BRDA:153,10,0,7
BRDA:153,10,1,1
BRDA:156,11,0,4
BRDA:156,11,1,3
BRDA:157,12,0,2
BRDA:157,12,1,2
BRF:25
BRH:25
end_of_record
TN:
SF:src/services/api/faqs.ts
FN:23,createFaqsMethods
FN:25,(anonymous_1)
FN:53,(anonymous_2)
FNF:3
FNH:3
FNDA:11,createFaqsMethods
FNDA:7,(anonymous_1)
FNDA:3,(anonymous_2)
DA:24,11
DA:26,7
DA:27,7
DA:32,7
DA:33,1
DA:36,6
DA:37,6
DA:39,4
DA:40,2
DA:41,2
DA:44,2
DA:46,4
DA:47,1
DA:49,3
DA:54,3
DA:56,3
DA:57,1
DA:60,2
LF:18
LH:18
BRDA:32,0,0,1
BRDA:32,0,1,6
BRDA:32,1,0,7
BRDA:32,1,1,3
BRDA:39,2,0,2
BRDA:39,2,1,2
BRDA:39,3,0,4
BRDA:39,3,1,2
BRDA:44,4,0,2
BRDA:44,4,1,1
BRDA:46,5,0,1
BRDA:46,5,1,3
BRDA:56,6,0,1
BRDA:56,6,1,2
BRDA:56,7,0,3
BRDA:56,7,1,1
BRDA:60,8,0,2
BRDA:60,8,1,1
BRF:18
BRH:18
end_of_record
TN:
SF:src/services/api/index.ts
FN:60,(anonymous_0)
FN:61,(anonymous_1)
FN:62,(anonymous_2)
FNF:3
FNH:0
FNDA:0,(anonymous_0)
FNDA:0,(anonymous_1)
FNDA:0,(anonymous_2)
DA:38,1
DA:48,1
DA:60,0
DA:61,0
DA:62,0
LF:5
LH:2
BRF:0
BRH:0
end_of_record
TN:
SF:src/services/api/orders.ts
FN:31,createOrdersMethods
FN:33,(anonymous_1)
FN:50,(anonymous_2)
FN:67,(anonymous_3)
FN:86,(anonymous_4)
FN:107,(anonymous_5)
FN:130,(anonymous_6)
FNF:7
FNH:7
FNDA:24,createOrdersMethods
FNDA:5,(anonymous_1)
FNDA:3,(anonymous_2)
FNDA:3,(anonymous_3)
FNDA:3,(anonymous_4)
FNDA:4,(anonymous_5)
FNDA:5,(anonymous_6)
DA:32,24
DA:34,5
DA:35,5
DA:37,3
DA:38,1
DA:41,2
DA:43,4
DA:44,1
DA:46,3
DA:51,3
DA:52,3
DA:54,2
DA:55,1
DA:58,1
DA:60,2
DA:61,1
DA:63,1
DA:68,3
DA:69,3
DA:73,2
DA:74,1
DA:77,1
DA:79,2
DA:80,1
DA:82,1
DA:87,3
DA:95,3
DA:100,3
DA:101,2
DA:104,1
DA:111,4
DA:116,4
DA:117,1
DA:120,3
DA:121,1
DA:123,2
DA:124,1
DA:127,1
DA:131,5
DA:135,5
DA:136,4
DA:137,1
DA:139,3
DA:140,1
DA:142,2
LF:45
LH:45
BRDA:37,0,0,1
BRDA:37,0,1,2
BRDA:37,1,0,3
BRDA:37,1,1,1
BRDA:41,2,0,2
BRDA:41,2,1,1
BRDA:43,3,0,1
BRDA:43,3,1,3
BRDA:43,4,0,4
BRDA:43,4,1,1
BRDA:54,5,0,1
BRDA:54,5,1,1
BRDA:54,6,0,2
BRDA:54,6,1,1
BRDA:58,7,0,1
BRDA:58,7,1,0
BRDA:60,8,0,1
BRDA:60,8,1,1
BRDA:60,9,0,2
BRDA:60,9,1,1
BRDA:73,10,0,1
BRDA:73,10,1,1
BRDA:73,11,0,2
BRDA:73,11,1,1
BRDA:77,12,0,1
BRDA:77,12,1,0
BRDA:79,13,0,1
BRDA:79,13,1,1
BRDA:79,14,0,2
BRDA:79,14,1,1
BRDA:92,15,0,3
BRDA:92,15,1,1
BRDA:100,16,0,2
BRDA:100,16,1,1
BRDA:100,17,0,3
BRDA:100,17,1,2
BRDA:104,18,0,1
BRDA:104,18,1,0
BRDA:116,19,0,1
BRDA:116,19,1,3
BRDA:116,20,0,4
BRDA:116,20,1,1
BRDA:120,21,0,1
BRDA:120,21,1,2
BRDA:123,22,0,1
BRDA:123,22,1,1
BRDA:127,23,0,1
BRDA:127,23,1,0
BRDA:135,24,0,4
BRDA:135,24,1,1
BRDA:136,25,0,1
BRDA:136,25,1,3
BRDA:139,26,0,1
BRDA:139,26,1,2
BRDA:142,27,0,2
BRDA:142,27,1,1
BRF:56
BRH:52
end_of_record
TN:
SF:src/services/api/payments.ts
FN:33,createPaymentsMethods
FN:48,(anonymous_1)
FN:72,(anonymous_2)
FN:115,(anonymous_3)
FN:142,(anonymous_4)
FN:174,(anonymous_5)
FNF:6
FNH:6
FNDA:10,createPaymentsMethods
FNDA:2,(anonymous_1)
FNDA:1,(anonymous_2)
FNDA:2,(anonymous_3)
FNDA:2,(anonymous_4)
FNDA:2,(anonymous_5)
DA:34,10
DA:49,2
DA:53,1
DA:73,1
DA:77,1
DA:116,2
DA:143,2
DA:153,1
DA:175,2
LF:9
LH:9
BRDA:143,0,0,1
BRDA:143,0,1,1
BRF:2
BRH:2
end_of_record
TN:
SF:src/services/api/polls.ts
FN:22,createPollsMethods
FN:24,(anonymous_1)
FN:34,(anonymous_2)
FN:35,(anonymous_3)
FN:36,(anonymous_4)
FN:37,(anonymous_5)
FN:65,(anonymous_6)
FN:86,(anonymous_7)
FNF:8
FNH:8
FNDA:19,createPollsMethods
FNDA:8,(anonymous_1)
FNDA:5,(anonymous_2)
FNDA:3,(anonymous_3)
FNDA:4,(anonymous_4)
FNDA:4,(anonymous_5)
FNDA:4,(anonymous_6)
FNDA:6,(anonymous_7)
DA:23,19
DA:25,8
DA:26,8
DA:32,6
DA:33,5
DA:34,5
DA:36,4
DA:37,4
DA:39,3
DA:41,3
DA:53,5
DA:56,1
DA:58,3
DA:59,1
DA:61,2
DA:66,4
DA:67,4
DA:73,2
DA:74,1
DA:77,1
DA:79,3
DA:80,1
DA:82,2
DA:87,6
DA:88,6
DA:96,3
DA:97,2
DA:100,5
DA:101,1
DA:103,4
DA:104,1
DA:106,3
LF:32
LH:32
BRDA:32,0,0,5
BRDA:32,0,1,1
BRDA:32,1,0,6
BRDA:32,1,1,5
BRDA:34,2,0,5
BRDA:34,2,1,4
BRDA:36,3,0,3
BRDA:36,3,1,1
BRDA:37,4,0,3
BRDA:37,4,1,1
BRDA:39,5,0,3
BRDA:39,5,1,1
BRDA:48,6,0,3
BRDA:48,6,1,1
BRDA:56,7,0,1
BRDA:56,7,1,0
BRDA:58,8,0,1
BRDA:58,8,1,2
BRDA:58,9,0,3
BRDA:58,9,1,2
BRDA:73,10,0,1
BRDA:73,10,1,1
BRDA:73,11,0,2
BRDA:73,11,1,1
BRDA:77,12,0,1
BRDA:77,12,1,0
BRDA:79,13,0,1
BRDA:79,13,1,2
BRDA:79,14,0,3
BRDA:79,14,1,1
BRDA:96,15,0,2
BRDA:96,15,1,1
BRDA:97,16,0,2
BRDA:97,16,1,1
BRDA:100,17,0,1
BRDA:100,17,1,4
BRDA:100,18,0,5
BRDA:100,18,1,2
BRDA:103,19,0,1
BRDA:103,19,1,3
BRDA:103,20,0,4
BRDA:103,20,1,1
BRF:42
BRH:40
end_of_record
TN:
SF:src/services/api/products.ts
FN:24,createProductsMethods
FN:26,(anonymous_1)
FN:49,(anonymous_2)
FN:55,(anonymous_3)
FN:75,(anonymous_4)
FN:88,(anonymous_5)
FN:102,(anonymous_6)
FN:126,(anonymous_7)
FN:149,(anonymous_8)
FN:172,(anonymous_9)
FN:197,(anonymous_10)
FN:222,(anonymous_11)
FNF:12
FNH:12
FNDA:35,createProductsMethods
FNDA:4,(anonymous_1)
FNDA:1,(anonymous_2)
FNDA:4,(anonymous_3)
FNDA:2,(anonymous_4)
FNDA:2,(anonymous_5)
FNDA:5,(anonymous_6)
FNDA:2,(anonymous_7)
FNDA:2,(anonymous_8)
FNDA:4,(anonymous_9)
FNDA:4,(anonymous_10)
FNDA:4,(anonymous_11)
DA:25,35
DA:27,4
DA:28,4
DA:33,4
DA:34,1
DA:37,3
DA:38,3
DA:39,1
DA:40,1
DA:42,2
DA:43,1
DA:45,1
DA:50,1
DA:56,4
DA:57,4
DA:58,1
DA:61,3
DA:62,3
DA:64,2
DA:65,1
DA:66,1
DA:69,1
DA:71,2
DA:76,2
DA:81,2
DA:82,1
DA:85,1
DA:89,2
DA:93,2
DA:94,1
DA:97,1
DA:103,5
DA:104,5
DA:105,5
DA:106,3
DA:108,5
DA:109,2
DA:112,3
DA:113,3
DA:115,2
DA:116,2
DA:117,2
DA:120,0
DA:122,1
DA:127,2
DA:132,2
DA:133,1
DA:136,1
DA:150,2
DA:155,2
DA:156,1
DA:173,4
DA:174,4
DA:175,1
DA:177,3
DA:178,3
DA:179,1
DA:180,1
DA:182,2
DA:183,1
DA:198,4
DA:199,4
DA:200,1
DA:202,3
DA:203,3
DA:204,1
DA:205,1
DA:207,2
DA:208,1
DA:223,4
DA:224,4
DA:225,1
DA:227,3
DA:228,3
DA:229,1
DA:230,1
DA:232,2
DA:233,1
LF:78
LH:77
BRDA:33,0,0,1
BRDA:33,0,1,3
BRDA:33,1,0,4
BRDA:33,1,1,2
BRDA:42,2,0,1
BRDA:42,2,1,1
BRDA:57,3,0,1
BRDA:57,3,1,3
BRDA:64,4,0,1
BRDA:64,4,1,1
BRDA:64,5,0,2
BRDA:64,5,1,1
BRDA:69,6,0,1
BRDA:69,6,1,0
BRDA:71,7,0,2
BRDA:71,7,1,2
BRDA:81,8,0,1
BRDA:81,8,1,1
BRDA:82,9,0,1
BRDA:82,9,1,0
BRDA:93,10,0,1
BRDA:93,10,1,1
BRDA:94,11,0,1
BRDA:94,11,1,0
BRDA:104,12,0,5
BRDA:104,12,1,3
BRDA:104,12,2,2
BRDA:105,13,0,3
BRDA:105,13,1,2
BRDA:108,14,0,2
BRDA:108,14,1,3
BRDA:108,15,0,5
BRDA:108,15,1,3
BRDA:115,16,0,2
BRDA:115,16,1,0
BRDA:115,17,0,2
BRDA:115,17,1,2
BRDA:120,18,0,0
BRDA:120,18,1,0
BRDA:122,19,0,1
BRDA:122,19,1,1
BRDA:132,20,0,1
BRDA:132,20,1,1
BRDA:133,21,0,1
BRDA:133,21,1,0
BRDA:155,22,0,1
BRDA:155,22,1,1
BRDA:156,23,0,1
BRDA:156,23,1,0
BRDA:174,24,0,1
BRDA:174,24,1,3
BRDA:174,25,0,4
BRDA:174,25,1,2
BRDA:182,26,0,1
BRDA:182,26,1,1
BRDA:199,27,0,1
BRDA:199,27,1,3
BRDA:199,28,0,4
BRDA:199,28,1,2
BRDA:207,29,0,1
BRDA:207,29,1,1
BRDA:224,30,0,1
BRDA:224,30,1,3
BRDA:224,31,0,4
BRDA:224,31,1,2
BRDA:232,32,0,1
BRDA:232,32,1,1
BRF:67
BRH:59
end_of_record
TN:
SF:src/services/api/profile.ts
FN:26,createProfileMethods
FN:28,(anonymous_1)
FN:61,(anonymous_2)
FN:71,(anonymous_3)
FN:75,(anonymous_4)
FN:85,(anonymous_5)
FN:89,(anonymous_6)
FN:93,(anonymous_7)
FN:118,(anonymous_8)
FN:128,(anonymous_9)
FNF:10
FNH:10
FNDA:20,createProfileMethods
FNDA:6,(anonymous_1)
FNDA:2,(anonymous_2)
FNDA:1,(anonymous_3)
FNDA:1,(anonymous_4)
FNDA:1,(anonymous_5)
FNDA:1,(anonymous_6)
FNDA:4,(anonymous_7)
FNDA:2,(anonymous_8)
FNDA:1,(anonymous_9)
DA:27,20
DA:29,6
DA:31,6
DA:32,1
DA:35,5
DA:37,5
DA:44,2
DA:47,3
DA:57,6
DA:58,6
DA:62,2
DA:64,2
DA:65,2
DA:66,1
DA:67,1
DA:72,1
DA:80,1
DA:86,1
DA:90,1
DA:94,4
DA:95,4
DA:97,4
DA:103,4
DA:105,4
DA:106,2
DA:109,2
DA:110,2
DA:111,1
DA:112,1
DA:115,2
DA:119,2
DA:121,2
DA:122,2
DA:123,1
DA:124,1
DA:129,1
DA:130,1
LF:37
LH:37
BRDA:31,0,0,1
BRDA:31,0,1,5
BRDA:31,1,0,6
BRDA:31,1,1,6
BRDA:37,2,0,2
BRDA:37,2,1,3
BRDA:38,3,0,5
BRDA:38,3,1,4
BRDA:38,3,2,4
BRDA:38,3,3,3
BRDA:38,3,4,3
BRDA:51,4,0,3
BRDA:51,4,1,1
BRDA:54,5,0,6
BRDA:54,5,1,1
BRDA:65,6,0,1
BRDA:65,6,1,1
BRDA:105,7,0,2
BRDA:105,7,1,2
BRDA:106,8,0,2
BRDA:106,8,1,1
BRDA:110,9,0,1
BRDA:110,9,1,1
BRDA:122,10,0,1
BRDA:122,10,1,1
BRF:25
BRH:25
end_of_record
TN:
SF:src/services/api/reviews.ts
FN:22,createReviewsMethods
FN:24,(anonymous_1)
FN:36,(anonymous_2)
FN:48,(anonymous_3)
FN:65,(anonymous_4)
FN:79,(anonymous_5)
FNF:6
FNH:6
FNDA:15,createReviewsMethods
FNDA:3,(anonymous_1)
FNDA:3,(anonymous_2)
FNDA:3,(anonymous_3)
FNDA:4,(anonymous_4)
FNDA:1,(anonymous_5)
DA:23,15
DA:25,3
DA:26,3
DA:29,2
DA:30,1
DA:32,1
DA:37,3
DA:38,3
DA:40,2
DA:42,1
DA:44,1
DA:49,3
DA:50,3
DA:55,1
DA:56,1
DA:58,2
DA:59,1
DA:61,1
DA:66,4
DA:67,4
DA:68,4
DA:70,4
DA:75,4
DA:76,4
DA:80,1
DA:81,1
LF:26
LH:26
BRDA:29,0,0,1
BRDA:29,0,1,1
BRDA:29,1,0,2
BRDA:29,1,1,2
BRDA:40,2,0,1
BRDA:40,2,1,1
BRDA:40,3,0,2
BRDA:40,3,1,2
BRDA:58,4,0,1
BRDA:58,4,1,1
BRDA:58,5,0,2
BRDA:58,5,1,2
BRDA:67,6,0,2
BRDA:67,6,1,2
BRDA:68,7,0,2
BRDA:68,7,1,2
BRF:16
BRH:16
end_of_record
TN:
SF:src/utils/cache-manager.ts
FN:45,(anonymous_0)
FN:66,(anonymous_1)
FN:84,(anonymous_2)
FN:103,(anonymous_3)
FN:125,(anonymous_4)
FN:145,(anonymous_5)
FN:160,(anonymous_6)
FN:161,(anonymous_7)
FNF:8
FNH:8
FNDA:2,(anonymous_0)
FNDA:2,(anonymous_1)
FNDA:2,(anonymous_2)
FNDA:2,(anonymous_3)
FNDA:2,(anonymous_4)
FNDA:2,(anonymous_5)
FNDA:31,(anonymous_6)
FNDA:187,(anonymous_7)
DA:46,48
DA:47,48
DA:49,1
DA:67,41
DA:68,41
DA:69,41
DA:71,3
DA:72,3
DA:85,3
DA:86,3
DA:88,1
DA:104,5
DA:105,5
DA:126,8
DA:127,8
DA:128,7
DA:146,17
DA:160,17
DA:161,31
DA:162,187
DA:164,27
LF:21
LH:21
BRDA:69,0,0,17
BRDA:69,0,1,24
BRDA:127,1,0,1
BRDA:127,1,1,7
BRDA:161,2,0,27
BRDA:161,2,1,4
BRDA:162,3,0,7
BRDA:162,3,1,180
BRF:8
BRH:8
end_of_record
TN:
SF:src/utils/filterProducts.ts
FN:24,filterByType
FN:29,(anonymous_1)
FN:40,searchByTitle
FN:43,(anonymous_3)
FN:54,filterByAgeCategory
FN:59,(anonymous_5)
FN:70,filterByEvent
FN:75,(anonymous_7)
FN:85,applyFilters
FNF:9
FNH:9
FNDA:11,filterByType
FNDA:45,(anonymous_1)
FNDA:11,searchByTitle
FNDA:42,(anonymous_3)
FNDA:8,filterByAgeCategory
FNDA:21,(anonymous_5)
FNDA:8,filterByEvent
FNDA:20,(anonymous_7)
FNDA:8,applyFilters
DA:28,11
DA:29,45
DA:41,11
DA:42,11
DA:43,42
DA:58,8
DA:59,21
DA:74,8
DA:75,20
DA:94,8
DA:95,8
DA:96,8
DA:97,8
DA:98,8
DA:99,8
LF:15
LH:15
BRDA:28,0,0,2
BRDA:28,0,1,9
BRDA:42,1,0,2
BRDA:42,1,1,9
BRDA:58,2,0,2
BRDA:58,2,1,6
BRDA:74,3,0,2
BRDA:74,3,1,6
BRDA:95,4,0,4
BRDA:95,4,1,4
BRDA:96,5,0,4
BRDA:96,5,1,4
BRDA:97,6,0,3
BRDA:97,6,1,5
BRDA:98,7,0,3
BRDA:98,7,1,5
BRF:16
BRH:16
end_of_record
TN:
SF:src/utils/logger.ts
FN:35,(anonymous_0)
FN:50,(anonymous_1)
FN:68,(anonymous_2)
FN:91,(anonymous_3)
FN:111,(anonymous_4)
FN:139,(anonymous_5)
FN:140,(anonymous_6)
FN:141,(anonymous_7)
FN:142,(anonymous_8)
FN:145,(anonymous_9)
FN:156,(anonymous_10)
FN:162,(anonymous_11)
FN:171,(anonymous_12)
FNF:13
FNH:13
FNDA:1,(anonymous_0)
FNDA:1,(anonymous_1)
FNDA:11,(anonymous_2)
FNDA:13,(anonymous_3)
FNDA:17,(anonymous_4)
FNDA:2,(anonymous_5)
FNDA:2,(anonymous_6)
FNDA:2,(anonymous_7)
FNDA:6,(anonymous_8)
FNDA:5,(anonymous_9)
FNDA:3,(anonymous_10)
FNDA:1,(anonymous_11)
FNDA:1,(anonymous_12)
DA:21,1
DA:35,1
DA:36,1
DA:37,1
DA:38,1
DA:43,1
DA:44,1
DA:46,1
DA:50,1
DA:51,1
DA:52,1
DA:53,1
DA:54,1
DA:55,1
DA:57,1
DA:59,0
DA:68,1
DA:69,11
DA:70,11
DA:91,1
DA:95,13
DA:105,1
DA:111,1
DA:112,17
DA:114,13
DA:117,13
DA:119,0
DA:120,0
DA:122,0
DA:123,0
DA:125,2
DA:126,2
DA:128,11
DA:130,11
DA:131,11
DA:138,1
DA:139,2
DA:140,2
DA:141,2
DA:142,6
DA:146,5
DA:152,5
DA:156,3
DA:162,1
DA:163,1
DA:171,1
DA:172,1
LF:47
LH:42
BRDA:38,0,0,0
BRDA:38,0,1,1
BRDA:38,1,0,1
BRDA:38,1,1,0
BRDA:44,2,0,0
BRDA:44,2,1,1
BRDA:44,3,0,1
BRDA:44,3,1,0
BRDA:46,4,0,0
BRDA:46,4,1,1
BRDA:53,5,0,1
BRDA:53,5,1,0
BRDA:111,6,0,17
BRDA:112,7,0,4
BRDA:112,7,1,13
BRDA:117,8,0,0
BRDA:117,8,1,0
BRDA:117,8,2,2
BRDA:117,8,3,11
BRDA:148,9,0,4
BRDA:148,9,1,1
BRDA:149,10,0,4
BRDA:149,10,1,1
BRF:23
BRH:15
end_of_record
